<?xml version="1.0" encoding="UTF-8"?>
<testsuite name="com.battle.snakes.util.SnakeUtilTest" tests="12" skipped="0" failures="0" errors="0" timestamp="2019-04-01T12:35:01" hostname="raul-XPS-15-9560" time="0.055">
  <properties/>
  <testcase name="getDistance()" classname="com.battle.snakes.util.SnakeUtilTest" time="0.008"/>
  <testcase name="getAllowedMoves_whenSnakeInBounds()" classname="com.battle.snakes.util.SnakeUtilTest" time="0.032"/>
  <testcase name="isInBounds()" classname="com.battle.snakes.util.SnakeUtilTest" time="0.001"/>
  <testcase name="getAllowedMoves_whenSnakeInLeftTopCorner()" classname="com.battle.snakes.util.SnakeUtilTest" time="0.001"/>
  <testcase name="getAllowedMoves_whenSnakeInLeftBottomCorner()" classname="com.battle.snakes.util.SnakeUtilTest" time="0.0"/>
  <testcase name="getNearestMoveToTarget()" classname="com.battle.snakes.util.SnakeUtilTest" time="0.001"/>
  <testcase name="getRandomMove()" classname="com.battle.snakes.util.SnakeUtilTest" time="0.0"/>
  <testcase name="getAllowedMoves_whenSnakeSurroundedWithBodySegments()" classname="com.battle.snakes.util.SnakeUtilTest" time="0.001"/>
  <testcase name="getNearestCoordinateToTarget()" classname="com.battle.snakes.util.SnakeUtilTest" time="0.001"/>
  <testcase name="getAllowedMoves_whenSnakeInRightTopCorner()" classname="com.battle.snakes.util.SnakeUtilTest" time="0.001"/>
  <testcase name="getNextMoveCoords()" classname="com.battle.snakes.util.SnakeUtilTest" time="0.0"/>
  <testcase name="getAllowedMoves_whenSnakeInRightBottomCorner()" classname="com.battle.snakes.util.SnakeUtilTest" time="0.0"/>
  <system-out><![CDATA[Coordinate(x=8, y=10)
Coordinate(x=8, y=10)
Coordinate(x=8, y=10)
Coordinate(x=8, y=10)
Coordinate(x=8, y=10)
Coordinate(x=8, y=10)
]]></system-out>
  <system-err><![CDATA[]]></system-err>
</testsuite>
